   src/greenlet/greenlet_greenlet.hpp:143:9: error: â€˜_PyCFrameâ€™ does not name a type; did you mean â€˜_frameâ€™?
        143 |         _PyCFrame* cframe;
            |         ^~~~~~~~~
            |         _frame
      src/greenlet/greenlet_greenlet.hpp:170:29: error: â€˜_PyCFrameâ€™ has not been declared
        170 |         void set_new_cframe(_PyCFrame& frame) G_NOEXCEPT;
            |                             ^~~~~~~~~
      src/greenlet/greenlet_greenlet.hpp: In constructor â€˜greenlet::PythonState::PythonState()â€™:
      src/greenlet/greenlet_greenlet.hpp:748:6: error: class â€˜greenlet::PythonStateâ€™ does not have any field named â€˜cframeâ€™
        748 |     ,cframe(nullptr)
            |      ^~~~~~
      src/greenlet/greenlet_greenlet.hpp:810:11: error: â€˜class greenlet::PythonStateâ€™ has no member named â€˜cframeâ€™
        810 |     this->cframe = &PyThreadState_GET()->root_cframe;
            |           ^~~~~~
      src/greenlet/greenlet_greenlet.hpp:810:42: error: â€˜PyThreadStateâ€™ {aka â€˜struct _tsâ€™} has no member named â€˜root_cframeâ€™
        810 |     this->cframe = &PyThreadState_GET()->root_cframe;
            |                                          ^~~~~~~~~~~
      src/greenlet/greenlet_greenlet.hpp: In member function â€˜void greenlet::PythonState::operator<<(const PyThreadState*)â€™:
      src/greenlet/greenlet_greenlet.hpp:830:11: error: â€˜class greenlet::PythonStateâ€™ has no member named â€˜cframeâ€™
        830 |     this->cframe = tstate->cframe;
            |           ^~~~~~
      src/greenlet/greenlet_greenlet.hpp:830:28: error: â€˜const PyThreadStateâ€™ {aka â€˜const struct _tsâ€™} has no member named â€˜cframeâ€™
        830 |     this->cframe = tstate->cframe;
            |                            ^~~~~~
      src/greenlet/greenlet_greenlet.hpp:831:33: error: â€˜const PyThreadStateâ€™ {aka â€˜const struct _tsâ€™} has no member named â€˜cframeâ€™
        831 |     this->use_tracing = tstate->cframe->use_tracing;
            |                                 ^~~~~~
      src/greenlet/greenlet_greenlet.hpp:834:37: error: â€˜const PyThreadStateâ€™ {aka â€˜const struct _tsâ€™} has no member named â€˜recursion_limitâ€™; did you mean â€˜py_recursion_limitâ€™?
        834 |     this->recursion_depth = tstate->recursion_limit - tstate->recursion_remaining;
            |                                     ^~~~~~~~~~~~~~~
            |                                     py_recursion_limit
      src/greenlet/greenlet_greenlet.hpp:834:63: error: â€˜const PyThreadStateâ€™ {aka â€˜const struct _tsâ€™} has no member named â€˜recursion_remainingâ€™; did you mean â€˜c_recursion_remainingâ€™?
        834 |     this->recursion_depth = tstate->recursion_limit - tstate->recursion_remaining;
            |                                                               ^~~~~~~~~~~~~~~~~~~
            |                                                               c_recursion_remaining
      src/greenlet/greenlet_greenlet.hpp:835:35: error: â€˜const PyThreadStateâ€™ {aka â€˜const struct _tsâ€™} has no member named â€˜cframeâ€™
        835 |     this->current_frame = tstate->cframe->current_frame;
            |                                   ^~~~~~
      src/greenlet/greenlet_greenlet.hpp:848:42: error: â€˜const PyThreadStateâ€™ {aka â€˜const struct _tsâ€™} has no member named â€˜trash_delete_nestingâ€™
        848 |     this->trash_delete_nesting = tstate->trash_delete_nesting;
            |                                          ^~~~~~~~~~~~~~~~~~~~
      src/greenlet/greenlet_greenlet.hpp: In member function â€˜void greenlet::PythonState::operator>>(PyThreadState*)â€™:
      src/greenlet/greenlet_greenlet.hpp:860:13: error: â€˜PyThreadStateâ€™ {aka â€˜struct _tsâ€™} has no member named â€˜cframeâ€™
        860 |     tstate->cframe = this->cframe;
            |             ^~~~~~
      src/greenlet/greenlet_greenlet.hpp:860:28: error: â€˜class greenlet::PythonStateâ€™ has no member named â€˜cframeâ€™
        860 |     tstate->cframe = this->cframe;
            |                            ^~~~~~
      src/greenlet/greenlet_greenlet.hpp:867:13: error: â€˜PyThreadStateâ€™ {aka â€˜struct _tsâ€™} has no member named â€˜cframeâ€™
        867 |     tstate->cframe->use_tracing = this->use_tracing;
            |             ^~~~~~
      src/greenlet/greenlet_greenlet.hpp:870:13: error: â€˜PyThreadStateâ€™ {aka â€˜struct _tsâ€™} has no member named â€˜recursion_remainingâ€™; did you mean â€˜c_recursion_remainingâ€™?
        870 |     tstate->recursion_remaining = tstate->recursion_limit - this->recursion_depth;
            |             ^~~~~~~~~~~~~~~~~~~
            |             c_recursion_remaining
      src/greenlet/greenlet_greenlet.hpp:870:43: error: â€˜PyThreadStateâ€™ {aka â€˜struct _tsâ€™} has no member named â€˜recursion_limitâ€™; did you mean â€˜py_recursion_limitâ€™?
        870 |     tstate->recursion_remaining = tstate->recursion_limit - this->recursion_depth;
            |                                           ^~~~~~~~~~~~~~~
            |                                           py_recursion_limit
      src/greenlet/greenlet_greenlet.hpp:871:13: error: â€˜PyThreadStateâ€™ {aka â€˜struct _tsâ€™} has no member named â€˜cframeâ€™
        871 |     tstate->cframe->current_frame = this->current_frame;
            |             ^~~~~~
      src/greenlet/greenlet_greenlet.hpp:881:13: error: â€˜PyThreadStateâ€™ {aka â€˜struct _tsâ€™} has no member named â€˜trash_delete_nestingâ€™
        881 |     tstate->trash_delete_nesting = this->trash_delete_nesting;
            |             ^~~~~~~~~~~~~~~~~~~~
      src/greenlet/greenlet_greenlet.hpp: In member function â€˜void greenlet::PythonState::will_switch_from(PyThreadState*)â€™:
      src/greenlet/greenlet_greenlet.hpp:891:40: error: â€˜PyThreadStateâ€™ {aka â€˜struct _tsâ€™} has no member named â€˜cframeâ€™
        891 |     this->use_tracing = origin_tstate->cframe->use_tracing;
            |                                        ^~~~~~
      src/greenlet/greenlet_greenlet.hpp: In member function â€˜void greenlet::PythonState::set_initial_state(const PyThreadState*)â€™:
      src/greenlet/greenlet_greenlet.hpp:899:37: error: â€˜const PyThreadStateâ€™ {aka â€˜const struct _tsâ€™} has no member named â€˜recursion_limitâ€™; did you mean â€˜py_recursion_limitâ€™?
        899 |     this->recursion_depth = tstate->recursion_limit - tstate->recursion_remaining;
            |                                     ^~~~~~~~~~~~~~~
            |                                     py_recursion_limit
      src/greenlet/greenlet_greenlet.hpp:899:63: error: â€˜const PyThreadStateâ€™ {aka â€˜const struct _tsâ€™} has no member named â€˜recursion_remainingâ€™; did you mean â€˜c_recursion_remainingâ€™?
        899 |     this->recursion_depth = tstate->recursion_limit - tstate->recursion_remaining;
            |                                                               ^~~~~~~~~~~~~~~~~~~
            |                                                               c_recursion_remaining
      src/greenlet/greenlet_greenlet.hpp: At global scope:
      src/greenlet/greenlet_greenlet.hpp:928:6: error: variable or field â€˜set_new_cframeâ€™ declared void
        928 | void PythonState::set_new_cframe(_PyCFrame& frame) G_NOEXCEPT
            |      ^~~~~~~~~~~
      src/greenlet/greenlet_greenlet.hpp:928:34: error: â€˜_PyCFrameâ€™ was not declared in this scope; did you mean â€˜_frameâ€™?
        928 | void PythonState::set_new_cframe(_PyCFrame& frame) G_NOEXCEPT
            |                                  ^~~~~~~~~
            |                                  _frame
      src/greenlet/greenlet_greenlet.hpp:928:45: error: â€˜frameâ€™ was not declared in this scope; did you mean â€˜_frameâ€™?
        928 | void PythonState::set_new_cframe(_PyCFrame& frame) G_NOEXCEPT
            |                                             ^~~~~
            |                                             _frame
      src/greenlet/greenlet.cpp: In member function â€˜virtual greenlet::Greenlet::switchstack_result_t greenlet::UserGreenlet::g_initialstub(void*)â€™:
      src/greenlet/greenlet.cpp:1251:5: error: â€˜_PyCFrameâ€™ was not declared in this scope; did you mean â€˜_frameâ€™?
       1251 |     _PyCFrame trace_info;
            |     ^~~~~~~~~
            |     _frame
      src/greenlet/greenlet.cpp:1253:39: error: â€˜trace_infoâ€™ was not declared in this scope
       1253 |     this->python_state.set_new_cframe(trace_info);
            |                                       ^~~~~~~~~~
      src/greenlet/greenlet.cpp: In function â€˜PyObject* mod_get_tstate_trash_delete_nesting(PyObject*)â€™:
      src/greenlet/greenlet.cpp:3095:36: error: â€˜PyThreadStateâ€™ {aka â€˜struct _tsâ€™} has no member named â€˜trash_delete_nestingâ€™
       3095 |     return PyLong_FromLong(tstate->trash_delete_nesting);
            |                                    ^~~~~~~~~~~~~~~~~~~~
      error: command '/usr/bin/g++' failed with exit code 1
      [end of output]
  
  note: This error originates from a subprocess, and is likely not a problem with pip.
  ERROR: Failed building wheel for greenlet
  Building wheel for MarkupSafe (pyproject.toml): started
  Building wheel for MarkupSafe (pyproject.toml): finished with status 'done'
  Created wheel for MarkupSafe: filename=markupsafe-2.1.3-cp313-cp313-linux_x86_64.whl size=27762 sha256=623e3eed9c80a25ba56d57c1ed876897f0a7ebb1e4a8b763f76725971e4373b0
  Stored in directory: /opt/render/.cache/wheels/ea/7f/c1/89539e885f1223e3a9b36f07c5a03562bf4853712f6b8b71a2
Successfully built MarkupSafe
Failed to build greenlet
[notice] A new release of pip is available: 25.1.1 -> 26.0.1
[notice] To update, run: pip install --upgrade pip
ERROR: Failed to build installable wheels for some pyproject.toml based projects (greenlet)
==> Build failed ðŸ˜ž
==> Common ways to troubleshoot your deploy: https://render.com/docs/troubleshooting-deploys